<?xml version="1.0" encoding="UTF-8"?>
<!-- Generated by org.testng.reporters.JUnitReportReporter -->
<testsuite name="Tests.TestNGAnnotations" tests="5" time="0.019" ignored="0" failures="0" timestamp="14 Nov 2019 14:29:11 GMT" skipped="0" hostname="hp-PC" errors="0">
  <testcase name="testCase3" time="0.005" classname="Tests.TestNGAnnotations"/>
  <testcase name="testCase4" time="0.002" classname="Tests.TestNGAnnotations"/>
  <testcase name="testCase1" time="0.010" classname="Tests.TestNGAnnotations"/>
  <testcase name="testCase2" time="0.001" classname="Tests.TestNGAnnotations"/>
  <testcase name="testCase5" time="0.001" classname="Tests.TestNGAnnotations"/>
</testsuite> <!-- Tests.TestNGAnnotations -->
